<?xml version="1.0" encoding="UTF-8"?>
<!-- Generated by org.testng.reporters.JUnitReportReporter -->
<testsuite skipped="0" hostname="LOH070XPGH4JK77.cardinalhealth.net" name="com.ch.tests.LoginTest" tests="2" failures="0" timestamp="15 Jun 2020 20:08:27 GMT" time="50.811" errors="0">
  <testcase name="postiveLoginTest" time="26.543" classname="com.ch.tests.LoginTest"/>
  <testcase name="negativeLoginTest" time="24.268" classname="com.ch.tests.LoginTest"/>
</testsuite> <!-- com.ch.tests.LoginTest -->
