<?xml version="1.0" encoding="UTF-8"?>
<!-- Generated by org.testng.reporters.JUnitReportReporter -->
<testsuite skipped="0" hostname="LOH070XPGH4JK77.cardinalhealth.net" name="com.ch.tests.SearchFunctionalityTest" tests="2" failures="0" timestamp="15 Jun 2020 19:57:35 GMT" time="114.404" errors="0">
  <testcase name="SearchTestByID" time="85.159" classname="com.ch.tests.SearchFunctionalityTest"/>
  <testcase name="SearchTestByDob" time="29.245" classname="com.ch.tests.SearchFunctionalityTest"/>
</testsuite> <!-- com.ch.tests.SearchFunctionalityTest -->
