<?xml version="1.0" encoding="UTF-8"?>
<!-- Generated by org.testng.reporters.JUnitReportReporter -->
<testsuite skipped="0" hostname="LOH070XPGH4JK77.cardinalhealth.net" name="com.ch.tests.NTests" tests="1" failures="0" timestamp="21 May 2020 06:09:35 GMT" time="15.125" errors="0">
  <testcase name="loginTest" time="15.125" classname="com.ch.tests.NTests"/>
</testsuite> <!-- com.ch.tests.NTests -->
