<?xml version="1.0" encoding="UTF-8"?>
<!-- Generated by org.testng.reporters.JUnitReportReporter -->
<testsuite skipped="0" hostname="LOH070XPGH4JK77.cardinalhealth.net" name="com.ch.tests.ClaimsSubmissionTest" tests="1" failures="0" timestamp="15 Jun 2020 19:57:35 GMT" time="71.695" errors="0">
  <testcase name="ClaimsSubmission" time="71.695" classname="com.ch.tests.ClaimsSubmissionTest"/>
</testsuite> <!-- com.ch.tests.ClaimsSubmissionTest -->
