<?xml version="1.0" encoding="UTF-8"?>
<!-- Generated by org.testng.reporters.JUnitReportReporter -->
<testsuite skipped="0" hostname="LOH070XPGH4JK77.cardinalhealth.net" name="com.ch.tests.FailedCMRTest" tests="1" failures="0" timestamp="15 Jun 2020 20:18:07 GMT" time="77.360" errors="0">
  <testcase name="FailedCMR1" time="77.360" classname="com.ch.tests.FailedCMRTest"/>
</testsuite> <!-- com.ch.tests.FailedCMRTest -->
